#
# There is insufficient memory for the Java Runtime Environment to continue.
# Native memory allocation (mmap) failed to map 266338304 bytes for G1 virtual space
# Possible reasons:
#   The system is out of physical RAM or swap space
#   The process is running with CompressedOops enabled, and the Java Heap may be blocking the growth of the native heap
# Possible solutions:
#   Reduce memory load on the system
#   Increase physical memory or swap space
#   Check if swap backing store is full
#   Decrease Java heap size (-Xmx/-Xms)
#   Decrease number of Java threads
#   Decrease Java thread stack sizes (-Xss)
#   Set larger code cache with -XX:ReservedCodeCacheSize=
#   JVM is running with Zero Based Compressed Oops mode in which the Java heap is
#     placed in the first 32GB address space. The Java Heap base address is the
#     maximum limit for the native heap growth. Please use -XX:HeapBaseMinAddress
#     to set the Java Heap base and to place the Java Heap above 32GB virtual address.
# This output file may be truncated or incomplete.
#
#  Out of Memory Error (os_windows.cpp:3600), pid=14200, tid=1540
#
# JRE version:  (21.0.5+9) (build )
# Java VM: Java HotSpot(TM) 64-Bit Server VM (21.0.5+9-LTS-239, mixed mode, sharing, tiered, compressed oops, compressed class ptrs, g1 gc, windows-amd64)
# No core dump will be written. Minidumps are not enabled by default on client versions of Windows
#

---------------  S U M M A R Y ------------

Command Line: org.jetbrains.kotlin.cli.jvm.K2JVMCompiler @C:\Users\bolud\AndroidStudioProjects\EATArai\app\build\20241031_15671634341590781026.compiler.options

Host: Intel(R) Core(TM) i7-10750H CPU @ 2.60GHz, 12 cores, 15G,  Windows 11 , 64 bit Build 22621 (10.0.22621.3958)
Time: Thu Oct 31 20:38:48 2024 SE Asia Standard Time elapsed time: 0.014121 seconds (0d 0h 0m 0s)

---------------  T H R E A D  ---------------

Current thread (0x00000143d175f740):  JavaThread "Unknown thread" [_thread_in_vm, id=1540, stack(0x00000018d3400000,0x00000018d3500000) (1024K)]

Stack: [0x00000018d3400000,0x00000018d3500000]
Native frames: (J=compiled Java code, j=interpreted, Vv=VM code, C=native code)
V  [jvm.dll+0x6ca289]
V  [jvm.dll+0x854a51]
V  [jvm.dll+0x856f7e]
V  [jvm.dll+0x857653]
V  [jvm.dll+0x27dd26]
V  [jvm.dll+0x6c6a25]
V  [jvm.dll+0x6bb5aa]
V  [jvm.dll+0x35359a]
V  [jvm.dll+0x35b1f6]
V  [jvm.dll+0x3adade]
V  [jvm.dll+0x3add88]
V  [jvm.dll+0x3278fc]
V  [jvm.dll+0x32845b]
V  [jvm.dll+0x81de19]
V  [jvm.dll+0x3ba7c1]
V  [jvm.dll+0x807168]
V  [jvm.dll+0x44f96e]
V  [jvm.dll+0x451561]
C  [jli.dll+0x52a3]
C  [ucrtbase.dll+0x29333]
C  [KERNEL32.DLL+0x1257d]
C  [ntdll.dll+0x5af08]


---------------  P R O C E S S  ---------------

Threads class SMR info:
_java_thread_list=0x00007ffa7e9cac08, length=0, elements={
}

Java Threads: ( => current thread )
Total: 0

Other Threads:
  0x00000143d1a20360 WorkerThread "GC Thread#0"                     [id=10088, stack(0x00000018d3500000,0x00000018d3600000) (1024K)]
  0x00000143d1a322d0 ConcurrentGCThread "G1 Main Marker"            [id=25644, stack(0x00000018d3600000,0x00000018d3700000) (1024K)]
  0x00000143d1a33570 WorkerThread "G1 Conc#0"                       [id=10380, stack(0x00000018d3700000,0x00000018d3800000) (1024K)]

[error occurred during error reporting (printing all threads), id 0xc0000005, EXCEPTION_ACCESS_VIOLATION (0xc0000005) at pc=0x00007ffa7e13a087]
VM state: not at safepoint (not fully initialized)

VM Mutex/Monitor currently owned by a thread:  ([mutex/lock_event])
[0x00007ffa7ea3bf98] Heap_lock - owner thread: 0x00000143d175f740

Heap address: 0x0000000702a00000, size: 4054 MB, Compressed Oops mode: Zero based, Oop shift amount: 3

CDS archive(s) mapped at: [0x0000000000000000-0x0000000000000000-0x0000000000000000), size 0, SharedBaseAddress: 0x0000000800000000, ArchiveRelocationMode: 1.
Narrow klass base: 0x0000000000000000, Narrow klass shift: 0, Narrow klass range: 0x0

GC Precious Log:
 CardTable entry size: 512
 Card Set container configuration: InlinePtr #cards 4 size 8 Array Of Cards #cards 16 size 48 Howl #buckets 8 coarsen threshold 3686 Howl Bitmap #cards 512 size 80 coarsen threshold 460 Card regions per heap region 1 cards per card region 4096

Heap:
 garbage-first heap   total 0K, used 0K [0x0000000702a00000, 0x0000000800000000)
  region size 2048K, 0 young (0K), 0 survivors (0K)

[error occurred during error reporting (printing heap information), id 0xc0000005, EXCEPTION_ACCESS_VIOLATION (0xc0000005) at pc=0x00007ffa7e523259]
GC Heap History (0 events):
No events

Dll operation events (1 events):
Event: 0.009 Loaded shared library C:\Program Files\Java\jdk-21\bin\java.dll

Deoptimization events (0 events):
No events

Classes loaded (0 events):
No events

Classes unloaded (0 events):
No events

Classes redefined (0 events):
No events

Internal exceptions (0 events):
No events

ZGC Phase Switch (0 events):
No events

VM Operations (0 events):
No events

Events (0 events):
No events


Dynamic libraries:
0x00007ff6d4ed0000 - 0x00007ff6d4ee0000 	C:\Program Files\Java\jdk-21\bin\java.exe
0x00007ffacb810000 - 0x00007ffacba27000 	C:\WINDOWS\SYSTEM32\ntdll.dll
0x00007ffaca700000 - 0x00007ffaca7c4000 	C:\WINDOWS\System32\KERNEL32.DLL
0x00007ffac9150000 - 0x00007ffac9507000 	C:\WINDOWS\System32\KERNELBASE.dll
0x00007ffac8e30000 - 0x00007ffac8f41000 	C:\WINDOWS\System32\ucrtbase.dll
0x00007ffab6a20000 - 0x00007ffab6a3b000 	C:\Program Files\Java\jdk-21\bin\VCRUNTIME140.dll
0x00007ffab5b40000 - 0x00007ffab5b59000 	C:\Program Files\Java\jdk-21\bin\jli.dll
0x00007ffaca010000 - 0x00007ffaca0c2000 	C:\WINDOWS\System32\ADVAPI32.dll
0x00007ffac9f60000 - 0x00007ffaca007000 	C:\WINDOWS\System32\msvcrt.dll
0x00007ffaca640000 - 0x00007ffaca6e8000 	C:\WINDOWS\System32\sechost.dll
0x00007ffac8f50000 - 0x00007ffac8f78000 	C:\WINDOWS\System32\bcrypt.dll
0x00007ffac99c0000 - 0x00007ffac9ad4000 	C:\WINDOWS\System32\RPCRT4.dll
0x00007ffacadb0000 - 0x00007ffacaf5f000 	C:\WINDOWS\System32\USER32.dll
0x00007ffab3120000 - 0x00007ffab33b3000 	C:\WINDOWS\WinSxS\amd64_microsoft.windows.common-controls_6595b64144ccf1df_6.0.22621.3672_none_2713b9d173822955\COMCTL32.dll
0x00007ffac9510000 - 0x00007ffac9536000 	C:\WINDOWS\System32\win32u.dll
0x00007ffacab30000 - 0x00007ffacab59000 	C:\WINDOWS\System32\GDI32.dll
0x00007ffac8c90000 - 0x00007ffac8da8000 	C:\WINDOWS\System32\gdi32full.dll
0x00007ffac8ff0000 - 0x00007ffac908a000 	C:\WINDOWS\System32\msvcp_win.dll
0x00007ffac48d0000 - 0x00007ffac48da000 	C:\WINDOWS\SYSTEM32\VERSION.dll
0x00007ffaca950000 - 0x00007ffaca981000 	C:\WINDOWS\System32\IMM32.DLL
0x00007ffac5d50000 - 0x00007ffac5d5c000 	C:\Program Files\Java\jdk-21\bin\vcruntime140_1.dll
0x00007ffa879f0000 - 0x00007ffa87a7e000 	C:\Program Files\Java\jdk-21\bin\msvcp140.dll
0x00007ffa7de00000 - 0x00007ffa7eb18000 	C:\Program Files\Java\jdk-21\bin\server\jvm.dll
0x00007ffacace0000 - 0x00007ffacad51000 	C:\WINDOWS\System32\WS2_32.dll
0x00007ffac79b0000 - 0x00007ffac79fd000 	C:\WINDOWS\SYSTEM32\POWRPROF.dll
0x00007ffac2050000 - 0x00007ffac2084000 	C:\WINDOWS\SYSTEM32\WINMM.dll
0x00007ffac7970000 - 0x00007ffac7983000 	C:\WINDOWS\SYSTEM32\UMPDC.dll
0x00007ffac7c20000 - 0x00007ffac7c38000 	C:\WINDOWS\SYSTEM32\kernel.appcore.dll
0x00007ffac5200000 - 0x00007ffac520a000 	C:\Program Files\Java\jdk-21\bin\jimage.dll
0x00007ffac5ae0000 - 0x00007ffac5d12000 	C:\WINDOWS\SYSTEM32\DBGHELP.DLL
0x00007ffaca290000 - 0x00007ffaca61e000 	C:\WINDOWS\System32\combase.dll
0x00007ffaca990000 - 0x00007ffacaa67000 	C:\WINDOWS\System32\OLEAUT32.dll
0x00007ffab0ae0000 - 0x00007ffab0b12000 	C:\WINDOWS\SYSTEM32\dbgcore.DLL
0x00007ffac8db0000 - 0x00007ffac8e2b000 	C:\WINDOWS\System32\bcryptPrimitives.dll
0x00007ffaa3460000 - 0x00007ffaa347f000 	C:\Program Files\Java\jdk-21\bin\java.dll

dbghelp: loaded successfully - version: 4.0.5 - missing functions: none
symbol engine: initialized successfully - sym options: 0x614 - pdb path: .;C:\Program Files\Java\jdk-21\bin;C:\WINDOWS\SYSTEM32;C:\WINDOWS\WinSxS\amd64_microsoft.windows.common-controls_6595b64144ccf1df_6.0.22621.3672_none_2713b9d173822955;C:\Program Files\Java\jdk-21\bin\server

VM Arguments:
java_command: org.jetbrains.kotlin.cli.jvm.K2JVMCompiler @C:\Users\bolud\AndroidStudioProjects\EATArai\app\build\20241031_15671634341590781026.compiler.options
java_class_path (initial): C:\Users\bolud\.gradle\caches\modules-2\files-2.1\org.jetbrains.kotlin\kotlin-compiler-embeddable\1.9.0\2c8c3a7402becca891f12739b3e9fd2dc2adbd7a\kotlin-compiler-embeddable-1.9.0.jar;C:\Users\bolud\.gradle\caches\modules-2\files-2.1\org.jetbrains.kotlin\kotlin-stdlib\1.9.0\8ee15ef0c67dc83d874f412d84378d7f0eb50b63\kotlin-stdlib-1.9.0.jar;C:\Users\bolud\.gradle\caches\modules-2\files-2.1\org.jetbrains.kotlin\kotlin-script-runtime\1.9.0\4b3102cbbb7e1b58d9d1adf89563f00069ffa7d1\kotlin-script-runtime-1.9.0.jar;C:\Users\bolud\.gradle\caches\modules-2\files-2.1\org.jetbrains.kotlin\kotlin-reflect\1.6.10\1cbe9c92c12a94eea200d23c2bbaedaf3daf5132\kotlin-reflect-1.6.10.jar;C:\Users\bolud\.gradle\caches\modules-2\files-2.1\org.jetbrains.kotlin\kotlin-daemon-embeddable\1.9.0\186543f5e28cf8d9a0290fecc2cf34301c40a65c\kotlin-daemon-embeddable-1.9.0.jar;C:\Users\bolud\.gradle\caches\modules-2\files-2.1\org.jetbrains.intellij.deps\trove4j\1.0.20200330\3afb14d5f9ceb459d724e907a21145e8ff394f02\trove4j-1.0.20200330.jar;C:\Users\bolud\.gradle\caches\modules-2\files-2.1\org.jetbrains.kotlin\kotlin-stdlib-common\1.9.0\cd65c21cfd1eec4d44ef09f9f52b6d9f8a720636\kotlin-stdlib-common-1.9.0.jar;C:\Users\bolud\.gradle\caches\modules-2\files-2.1\org.jetbrains\annotations\13.0\919f0dfe192fb4e063e7dacadee7f8bb9a2672a9\annotations-13.0.jar
Launcher Type: SUN_STANDARD

[Global flags]
     intx CICompilerCount                          = 4                                         {product} {ergonomic}
     uint ConcGCThreads                            = 3                                         {product} {ergonomic}
     uint G1ConcRefinementThreads                  = 10                                        {product} {ergonomic}
   size_t G1HeapRegionSize                         = 2097152                                   {product} {ergonomic}
    uintx GCDrainStackTargetSize                   = 64                                        {product} {ergonomic}
   size_t InitialHeapSize                          = 266338304                                 {product} {ergonomic}
   size_t MarkStackSize                            = 4194304                                   {product} {ergonomic}
   size_t MaxHeapSize                              = 4250927104                                {product} {ergonomic}
   size_t MinHeapDeltaBytes                        = 2097152                                   {product} {ergonomic}
   size_t MinHeapSize                              = 8388608                                   {product} {ergonomic}
    uintx NonNMethodCodeHeapSize                   = 5839372                                {pd product} {ergonomic}
    uintx NonProfiledCodeHeapSize                  = 122909434                              {pd product} {ergonomic}
    uintx ProfiledCodeHeapSize                     = 122909434                              {pd product} {ergonomic}
    uintx ReservedCodeCacheSize                    = 251658240                              {pd product} {ergonomic}
     bool SegmentedCodeCache                       = true                                      {product} {ergonomic}
   size_t SoftMaxHeapSize                          = 4250927104                             {manageable} {ergonomic}
     bool UseCompressedOops                        = true                           {product lp64_product} {ergonomic}
     bool UseG1GC                                  = true                                      {product} {ergonomic}
     bool UseLargePagesIndividualAllocation        = false                                  {pd product} {ergonomic}

Logging:
Log output configuration:
 #0: stdout all=warning uptime,level,tags foldmultilines=false
 #1: stderr all=off uptime,level,tags foldmultilines=false

Environment Variables:
JAVA_HOME=C:\Program Files\Java\jdk-21
PATH=C:\Program Files\Common Files\Oracle\Java\javapath;C:\Program Files\Eclipse Adoptium\jdk-11.0.16.8-hotspot\bin;C:\Program Files (x86)\Common Files\Intel\Shared Libraries\redist\intel64\compiler;C:\Windows\system32;C:\Windows;C:\Windows\System32\Wbem;C:\Windows\System32\WindowsPowerShell\v1.0\;C:\Windows\System32\OpenSSH\;C:\Program Files (x86)\NVIDIA Corporation\PhysX\Common;C:\Program Files\NVIDIA Corporation\NVIDIA NvDLISR;C:\WINDOWS\system32;C:\WINDOWS;C:\WINDOWS\System32\Wbem;C:\WINDOWS\System32\WindowsPowerShell\v1.0\;C:\WINDOWS\System32\OpenSSH\;C:\Program Files\nodejs\;C:\Program Files\Cloudflare\Cloudflare WARP;C:\Program Files\Docker\Docker\resources\bin;C:\msys64\ucrt64\bin;C:\Program Files\Go\bin;C:\Program Files\dotnet\;C:\Program Files\Git LFS;C:\Program Files\Git\cmd;C:\Users\bolud\AppData\Local\Programs\Python\Python39\Scripts\;C:\Users\bolud\AppData\Local\Programs\Python\Python39\;C:\Python37\Scripts\;C:\Python37\;C:\Users\bolud\AppData\Local\Microsoft\WindowsApps;C:\Users\bolud\AppData\Local\Programs\Microsoft VS Code\bin;C:\Users\bolud\AppData\Roaming\npm;C:\Users\bolud\AppData\Local\GitHubDesktop\bin;C:\Program Files\JetBrains\IntelliJ IDEA 2024.1.4\bin;;C:\Users\bolud\go\bin;C:\Users\bolud\.dotnet\tools
USERNAME=bolud
OS=Windows_NT
PROCESSOR_IDENTIFIER=Intel64 Family 6 Model 165 Stepping 2, GenuineIntel
TMP=C:\Users\bolud\AppData\Local\Temp
TEMP=C:\Users\bolud\AppData\Local\Temp




Periodic native trim disabled

---------------  S Y S T E M  ---------------

OS:
 Windows 11 , 64 bit Build 22621 (10.0.22621.3958)
OS uptime: 1 days 23:19 hours
Hyper-V role detected

CPU: total 12 (initial active 12) (6 cores per cpu, 2 threads per core) family 6 model 165 stepping 2 microcode 0xe0, cx8, cmov, fxsr, ht, mmx, 3dnowpref, sse, sse2, sse3, ssse3, sse4.1, sse4.2, popcnt, lzcnt, tsc, tscinvbit, avx, avx2, aes, erms, clmul, bmi1, bmi2, adx, fma, vzeroupper, clflush, clflushopt, hv, rdtscp, f16c
Processor Information for all 12 processors :
  Max Mhz: 2592, Current Mhz: 2592, Mhz Limit: 2592

Memory: 4k page, system-wide physical 16215M (445M free)
TotalPageFile size 20311M (AvailPageFile size 106M)
current process WorkingSet (physical memory assigned to process): 11M, peak: 11M
current process commit charge ("private bytes"): 64M, peak: 318M

vm_info: Java HotSpot(TM) 64-Bit Server VM (21.0.5+9-LTS-239) for windows-amd64 JRE (21.0.5+9-LTS-239), built on 2024-09-30T05:17:38Z by "mach5one" with MS VC++ 17.6 (VS2022)

END.
